<?xml version="1.0" encoding="UTF-8"?>
<!-- Generated by org.testng.reporters.JUnitReportReporter -->
<testsuite hostname="kprabhakar" failures="0" tests="1" name="com.TastyNibbles.TestRunner.LogoutNG" time="13.528" errors="0" timestamp="2025-03-25T15:47:58 IST" skipped="0">
  <testcase classname="com.TastyNibbles.TestRunner.LogoutNG" name="runScenario" time="13.528"/>
</testsuite> <!-- com.TastyNibbles.TestRunner.LogoutNG -->
