<?xml version="1.0" encoding="UTF-8"?>
<!-- Generated by org.testng.reporters.JUnitReportReporter -->
<testsuite hostname="kprabhakar" failures="0" tests="2" name="com.TastyNibbles.TestRunner.MyAccountNG" time="17.899" errors="0" timestamp="2025-03-25T15:47:58 IST" skipped="0">
  <testcase classname="com.TastyNibbles.TestRunner.MyAccountNG" name="runScenario" time="8.336"/>
  <testcase classname="com.TastyNibbles.TestRunner.MyAccountNG" name="runScenario" time="9.563"/>
</testsuite> <!-- com.TastyNibbles.TestRunner.MyAccountNG -->
