<?xml version="1.0" encoding="UTF-8"?>
<!-- Generated by org.testng.reporters.JUnitReportReporter -->
<testsuite hostname="kprabhakar" failures="0" tests="2" name="com.TastyNibbles.TestRunner.UserRegistration" time="71.471" errors="0" timestamp="2025-03-25T15:47:58 IST" skipped="0">
  <testcase classname="com.TastyNibbles.TestRunner.UserRegistration" name="runScenario" time="57.407"/>
  <testcase classname="com.TastyNibbles.TestRunner.UserRegistration" name="runScenario" time="14.064"/>
</testsuite> <!-- com.TastyNibbles.TestRunner.UserRegistration -->
