<?xml version="1.0" encoding="UTF-8"?>
<!-- Generated by org.testng.reporters.JUnitReportReporter -->
<testsuite hostname="kprabhakar" failures="0" tests="2" name="com.TastyNibbles.TestRunner.DemoNg" time="32.780" errors="0" timestamp="2025-03-19T11:23:03 IST" skipped="0">
  <testcase classname="com.TastyNibbles.TestRunner.DemoNg" name="runScenario" time="13.150"/>
  <testcase classname="com.TastyNibbles.TestRunner.DemoNg" name="runScenario" time="19.630"/>
</testsuite> <!-- com.TastyNibbles.TestRunner.DemoNg -->
